<?xml version="1.0" encoding="UTF-8"?>
<!-- Generated by org.testng.reporters.JUnitReportReporter -->
<testsuite hostname="DESKTOP-42BMCNO" failures="0" tests="1" name="E2E_User_Flow" time="56.484" errors="0" timestamp="2025-09-30T14:12:44 EEST" skipped="0">
  <testcase classname="E2E_User_Flow" name="endToEndFlow" time="56.484"/>
</testsuite> <!-- E2E_User_Flow -->
