<?xml version="1.0" encoding="UTF-8"?>
<!-- Generated by org.testng.reporters.JUnitReportReporter -->
<testsuite hostname="DESKTOP-42BMCNO" failures="0" tests="1" name="E2EAutomationExerciseTest" time="44.816" errors="0" timestamp="2025-09-26T22:14:40 EEST" skipped="0">
  <testcase classname="E2EAutomationExerciseTest" name="testBrowseProducts" time="44.816"/>
</testsuite> <!-- E2EAutomationExerciseTest -->
