<?xml version="1.0" encoding="UTF-8"?>
<!-- Generated by org.testng.reporters.JUnitReportReporter -->
<testsuite hostname="DESKTOP-42BMCNO" failures="0" tests="1" name="SignInTest" time="4.336" errors="0" timestamp="2025-09-26T22:04:35 EEST" skipped="0">
  <testcase classname="SignInTest" name="SignIn" time="4.336"/>
</testsuite> <!-- SignInTest -->
